<?xml version="1.0" encoding="UTF-8"?>
<testsuite xmlns:xsi="http://www.w3.org/2001/XMLSchema-instance" xsi:noNamespaceSchemaLocation="https://maven.apache.org/surefire/maven-surefire-plugin/xsd/surefire-test-report.xsd" name="com.course.polytech.LeapYearTest" time="0.008" tests="4" errors="0" skipped="0" failures="2">
  <properties>
[...]
</properties>
  <testcase name="test_if_2001_leap_year" classname="com.course.polytech.LeapYearTest" time="0.004">
    <failure message="&#10;Expecting:&#10; &lt;false&gt;&#10;to be equal to:&#10; &lt;true&gt;&#10;but was not." type="org.opentest4j.AssertionFailedError"><![CDATA[org.opentest4j.AssertionFailedError: 

Expecting:
 <false>
to be equal to:
 <true>
but was not.
	at com.course.polytech.LeapYearTest.test_if_2001_leap_year(LeapYearTest.java:21)
]]></failure>
  </testcase>
  <testcase name="test_if_2008_leap_year" classname="com.course.polytech.LeapYearTest" time="0.001"/>
  <testcase name="test_if_1995_leap_year" classname="com.course.polytech.LeapYearTest" time="0.001">
    <failure message="&#10;Expecting:&#10; &lt;false&gt;&#10;to be equal to:&#10; &lt;true&gt;&#10;but was not." type="org.opentest4j.AssertionFailedError"><![CDATA[org.opentest4j.AssertionFailedError: 

Expecting:
 <false>
to be equal to:
 <true>
but was not.
	at com.course.polytech.LeapYearTest.test_if_1995_leap_year(LeapYearTest.java:33)
]]></failure>
  </testcase>
  <testcase name="test_if_3000_leap_year" classname="com.course.polytech.LeapYearTest" time="0"/>
</testsuite>